[09-Apr-2023 07:51:08 UTC] PHP Warning:  filemtime(): stat failed for C:\xampp\htdocs\bredewoldweb/web/app/themes/bredewoldweb/build/theme.css in C:\xampp\htdocs\bredewoldweb\web\app\themes\bredewoldweb\functions.php on line 9
[09-Apr-2023 07:53:58 UTC] PHP Warning:  Undefined variable $fields in C:\xampp\htdocs\bredewoldweb\web\app\themes\bredewoldweb\blocks\text\view.php on line 4
[09-Apr-2023 07:53:58 UTC] PHP Warning:  Trying to access array offset on value of type null in C:\xampp\htdocs\bredewoldweb\web\app\themes\bredewoldweb\blocks\text\view.php on line 4
[09-Apr-2023 07:54:09 UTC] PHP Warning:  Undefined variable $fields in C:\xampp\htdocs\bredewoldweb\web\app\themes\bredewoldweb\blocks\text\view.php on line 4
[09-Apr-2023 07:54:09 UTC] PHP Warning:  Trying to access array offset on value of type null in C:\xampp\htdocs\bredewoldweb\web\app\themes\bredewoldweb\blocks\text\view.php on line 4
[09-Apr-2023 07:54:15 UTC] PHP Warning:  Undefined variable $fields in C:\xampp\htdocs\bredewoldweb\web\app\themes\bredewoldweb\blocks\text\view.php on line 4
[09-Apr-2023 07:54:15 UTC] PHP Warning:  Trying to access array offset on value of type null in C:\xampp\htdocs\bredewoldweb\web\app\themes\bredewoldweb\blocks\text\view.php on line 4
[09-Apr-2023 07:54:20 UTC] PHP Warning:  Undefined variable $fields in C:\xampp\htdocs\bredewoldweb\web\app\themes\bredewoldweb\blocks\text\view.php on line 4
[09-Apr-2023 07:54:20 UTC] PHP Warning:  Trying to access array offset on value of type null in C:\xampp\htdocs\bredewoldweb\web\app\themes\bredewoldweb\blocks\text\view.php on line 4
[09-Apr-2023 07:54:52 UTC] PHP Warning:  Undefined variable $fields in C:\xampp\htdocs\bredewoldweb\web\app\themes\bredewoldweb\blocks\text\view.php on line 4
[09-Apr-2023 07:54:52 UTC] PHP Warning:  Trying to access array offset on value of type null in C:\xampp\htdocs\bredewoldweb\web\app\themes\bredewoldweb\blocks\text\view.php on line 4
[09-Apr-2023 07:55:08 UTC] PHP Warning:  filemtime(): stat failed for C:\xampp\htdocs\bredewoldweb/web/app/themes/bredewoldweb/build/theme.css in C:\xampp\htdocs\bredewoldweb\web\app\themes\bredewoldweb\functions.php on line 9
[09-Apr-2023 07:55:08 UTC] PHP Warning:  Undefined variable $fields in C:\xampp\htdocs\bredewoldweb\web\app\themes\bredewoldweb\blocks\text\view.php on line 4
[09-Apr-2023 07:55:08 UTC] PHP Warning:  Trying to access array offset on value of type null in C:\xampp\htdocs\bredewoldweb\web\app\themes\bredewoldweb\blocks\text\view.php on line 4
[09-Apr-2023 07:55:08 UTC] PHP Warning:  filemtime(): stat failed for C:\xampp\htdocs\bredewoldweb/web/app/themes/bredewoldweb/build/theme.css in C:\xampp\htdocs\bredewoldweb\web\app\themes\bredewoldweb\functions.php on line 9
[09-Apr-2023 08:09:28 UTC] PHP Notice:  Functie WP_Block_Type_Registry::register werd <strong>verkeerd</strong> aangeroepen. Bloktype namen moeten een namespace voorvoegsel bevatten. Bijvoorbeeld my-plugin/my-custom-block Lees <a href="https://wordpress.org/documentation/article/debugging-in-wordpress/">Foutopsporing in WordPress</a> voor meer informatie. (Dit bericht is toegevoegd in versie 5.0.0.) in C:\xampp\htdocs\bredewoldweb\web\wp\wp-includes\functions.php on line 5865
[09-Apr-2023 08:11:29 UTC] PHP Notice:  Functie WP_Block_Type_Registry::register werd <strong>verkeerd</strong> aangeroepen. Bloktype namen moeten een namespace voorvoegsel bevatten. Bijvoorbeeld my-plugin/my-custom-block Lees <a href="https://wordpress.org/documentation/article/debugging-in-wordpress/">Foutopsporing in WordPress</a> voor meer informatie. (Dit bericht is toegevoegd in versie 5.0.0.) in C:\xampp\htdocs\bredewoldweb\web\wp\wp-includes\functions.php on line 5865
[09-Apr-2023 08:13:30 UTC] PHP Notice:  Functie WP_Block_Type_Registry::register werd <strong>verkeerd</strong> aangeroepen. Bloktype namen moeten een namespace voorvoegsel bevatten. Bijvoorbeeld my-plugin/my-custom-block Lees <a href="https://wordpress.org/documentation/article/debugging-in-wordpress/">Foutopsporing in WordPress</a> voor meer informatie. (Dit bericht is toegevoegd in versie 5.0.0.) in C:\xampp\htdocs\bredewoldweb\web\wp\wp-includes\functions.php on line 5865
[09-Apr-2023 08:13:58 UTC] PHP Notice:  Functie WP_Block_Type_Registry::register werd <strong>verkeerd</strong> aangeroepen. Bloktype namen moeten een namespace voorvoegsel bevatten. Bijvoorbeeld my-plugin/my-custom-block Lees <a href="https://wordpress.org/documentation/article/debugging-in-wordpress/">Foutopsporing in WordPress</a> voor meer informatie. (Dit bericht is toegevoegd in versie 5.0.0.) in C:\xampp\htdocs\bredewoldweb\web\wp\wp-includes\functions.php on line 5865
[09-Apr-2023 08:13:58 UTC] PHP Warning:  require_once(blocks/text/controller.php): Failed to open stream: No such file or directory in C:\xampp\htdocs\bredewoldweb\web\app\themes\bredewoldweb\blocks\block-manager.php on line 7
[09-Apr-2023 08:13:58 UTC] PHP Fatal error:  Uncaught Error: Failed opening required 'blocks/text/controller.php' (include_path='C:\xampp\php\PEAR') in C:\xampp\htdocs\bredewoldweb\web\app\themes\bredewoldweb\blocks\block-manager.php:7
Stack trace:
#0 C:\xampp\htdocs\bredewoldweb\web\wp\wp-includes\class-wp-hook.php(308): {closure}('')
#1 C:\xampp\htdocs\bredewoldweb\web\wp\wp-includes\class-wp-hook.php(332): WP_Hook->apply_filters(NULL, Array)
#2 C:\xampp\htdocs\bredewoldweb\web\wp\wp-includes\plugin.php(517): WP_Hook->do_action(Array)
#3 C:\xampp\htdocs\bredewoldweb\web\wp\wp-settings.php(623): do_action('init')
#4 C:\xampp\htdocs\bredewoldweb\web\wp-config.php(9): require_once('C:\\xampp\\htdocs...')
#5 C:\xampp\htdocs\bredewoldweb\web\wp\wp-load.php(55): require_once('C:\\xampp\\htdocs...')
#6 C:\xampp\htdocs\bredewoldweb\web\wp\wp-blog-header.php(13): require_once('C:\\xampp\\htdocs...')
#7 C:\xampp\htdocs\bredewoldweb\web\index.php(6): require('C:\\xampp\\htdocs...')
#8 {main}
  thrown in C:\xampp\htdocs\bredewoldweb\web\app\themes\bredewoldweb\blocks\block-manager.php on line 7
[09-Apr-2023 08:14:37 UTC] PHP Notice:  Functie WP_Block_Type_Registry::register werd <strong>verkeerd</strong> aangeroepen. Bloktype namen moeten een namespace voorvoegsel bevatten. Bijvoorbeeld my-plugin/my-custom-block Lees <a href="https://wordpress.org/documentation/article/debugging-in-wordpress/">Foutopsporing in WordPress</a> voor meer informatie. (Dit bericht is toegevoegd in versie 5.0.0.) in C:\xampp\htdocs\bredewoldweb\web\wp\wp-includes\functions.php on line 5865
[09-Apr-2023 08:14:37 UTC] PHP Warning:  require_once(C:\xampp\htdocs\bredewoldweb\web\app\themes\bredewoldweb\blocksblocks/text/controller.php): Failed to open stream: No such file or directory in C:\xampp\htdocs\bredewoldweb\web\app\themes\bredewoldweb\blocks\block-manager.php on line 7
[09-Apr-2023 08:14:37 UTC] PHP Fatal error:  Uncaught Error: Failed opening required 'C:\xampp\htdocs\bredewoldweb\web\app\themes\bredewoldweb\blocksblocks/text/controller.php' (include_path='C:\xampp\php\PEAR') in C:\xampp\htdocs\bredewoldweb\web\app\themes\bredewoldweb\blocks\block-manager.php:7
Stack trace:
#0 C:\xampp\htdocs\bredewoldweb\web\wp\wp-includes\class-wp-hook.php(308): {closure}('')
#1 C:\xampp\htdocs\bredewoldweb\web\wp\wp-includes\class-wp-hook.php(332): WP_Hook->apply_filters(NULL, Array)
#2 C:\xampp\htdocs\bredewoldweb\web\wp\wp-includes\plugin.php(517): WP_Hook->do_action(Array)
#3 C:\xampp\htdocs\bredewoldweb\web\wp\wp-settings.php(623): do_action('init')
#4 C:\xampp\htdocs\bredewoldweb\web\wp-config.php(9): require_once('C:\\xampp\\htdocs...')
#5 C:\xampp\htdocs\bredewoldweb\web\wp\wp-load.php(55): require_once('C:\\xampp\\htdocs...')
#6 C:\xampp\htdocs\bredewoldweb\web\wp\wp-blog-header.php(13): require_once('C:\\xampp\\htdocs...')
#7 C:\xampp\htdocs\bredewoldweb\web\index.php(6): require('C:\\xampp\\htdocs...')
#8 {main}
  thrown in C:\xampp\htdocs\bredewoldweb\web\app\themes\bredewoldweb\blocks\block-manager.php on line 7
[09-Apr-2023 08:14:49 UTC] PHP Notice:  Functie WP_Block_Type_Registry::register werd <strong>verkeerd</strong> aangeroepen. Bloktype namen moeten een namespace voorvoegsel bevatten. Bijvoorbeeld my-plugin/my-custom-block Lees <a href="https://wordpress.org/documentation/article/debugging-in-wordpress/">Foutopsporing in WordPress</a> voor meer informatie. (Dit bericht is toegevoegd in versie 5.0.0.) in C:\xampp\htdocs\bredewoldweb\web\wp\wp-includes\functions.php on line 5865
[09-Apr-2023 08:14:49 UTC] PHP Warning:  require_once(C:\xampp\htdocs\bredewoldweb\web\app\themes\bredewoldweb\blocks/blocks/text/controller.php): Failed to open stream: No such file or directory in C:\xampp\htdocs\bredewoldweb\web\app\themes\bredewoldweb\blocks\block-manager.php on line 7
[09-Apr-2023 08:14:49 UTC] PHP Fatal error:  Uncaught Error: Failed opening required 'C:\xampp\htdocs\bredewoldweb\web\app\themes\bredewoldweb\blocks/blocks/text/controller.php' (include_path='C:\xampp\php\PEAR') in C:\xampp\htdocs\bredewoldweb\web\app\themes\bredewoldweb\blocks\block-manager.php:7
Stack trace:
#0 C:\xampp\htdocs\bredewoldweb\web\wp\wp-includes\class-wp-hook.php(308): {closure}('')
#1 C:\xampp\htdocs\bredewoldweb\web\wp\wp-includes\class-wp-hook.php(332): WP_Hook->apply_filters(NULL, Array)
#2 C:\xampp\htdocs\bredewoldweb\web\wp\wp-includes\plugin.php(517): WP_Hook->do_action(Array)
#3 C:\xampp\htdocs\bredewoldweb\web\wp\wp-settings.php(623): do_action('init')
#4 C:\xampp\htdocs\bredewoldweb\web\wp-config.php(9): require_once('C:\\xampp\\htdocs...')
#5 C:\xampp\htdocs\bredewoldweb\web\wp\wp-load.php(55): require_once('C:\\xampp\\htdocs...')
#6 C:\xampp\htdocs\bredewoldweb\web\wp\wp-blog-header.php(13): require_once('C:\\xampp\\htdocs...')
#7 C:\xampp\htdocs\bredewoldweb\web\index.php(6): require('C:\\xampp\\htdocs...')
#8 {main}
  thrown in C:\xampp\htdocs\bredewoldweb\web\app\themes\bredewoldweb\blocks\block-manager.php on line 7
[09-Apr-2023 08:15:23 UTC] PHP Notice:  Functie WP_Block_Type_Registry::register werd <strong>verkeerd</strong> aangeroepen. Bloktype namen moeten een namespace voorvoegsel bevatten. Bijvoorbeeld my-plugin/my-custom-block Lees <a href="https://wordpress.org/documentation/article/debugging-in-wordpress/">Foutopsporing in WordPress</a> voor meer informatie. (Dit bericht is toegevoegd in versie 5.0.0.) in C:\xampp\htdocs\bredewoldweb\web\wp\wp-includes\functions.php on line 5865
[09-Apr-2023 08:15:23 UTC] PHP Warning:  filemtime(): stat failed for C:\xampp\htdocs\bredewoldweb/web/app/themes/bredewoldweb/build/theme.css in C:\xampp\htdocs\bredewoldweb\web\app\themes\bredewoldweb\functions.php on line 9
[09-Apr-2023 08:15:23 UTC] PHP Notice:  Functie WP_Block_Type_Registry::register werd <strong>verkeerd</strong> aangeroepen. Bloktype namen moeten een namespace voorvoegsel bevatten. Bijvoorbeeld my-plugin/my-custom-block Lees <a href="https://wordpress.org/documentation/article/debugging-in-wordpress/">Foutopsporing in WordPress</a> voor meer informatie. (Dit bericht is toegevoegd in versie 5.0.0.) in C:\xampp\htdocs\bredewoldweb\web\wp\wp-includes\functions.php on line 5865
[09-Apr-2023 08:15:23 UTC] PHP Warning:  filemtime(): stat failed for C:\xampp\htdocs\bredewoldweb/web/app/themes/bredewoldweb/build/theme.css in C:\xampp\htdocs\bredewoldweb\web\app\themes\bredewoldweb\functions.php on line 9
[09-Apr-2023 08:15:31 UTC] PHP Notice:  Functie WP_Block_Type_Registry::register werd <strong>verkeerd</strong> aangeroepen. Bloktype namen moeten een namespace voorvoegsel bevatten. Bijvoorbeeld my-plugin/my-custom-block Lees <a href="https://wordpress.org/documentation/article/debugging-in-wordpress/">Foutopsporing in WordPress</a> voor meer informatie. (Dit bericht is toegevoegd in versie 5.0.0.) in C:\xampp\htdocs\bredewoldweb\web\wp\wp-includes\functions.php on line 5865
[09-Apr-2023 08:16:15 UTC] PHP Warning:  filemtime(): stat failed for C:\xampp\htdocs\bredewoldweb/web/app/themes/bredewoldweb/build/theme.css in C:\xampp\htdocs\bredewoldweb\web\app\themes\bredewoldweb\functions.php on line 9
[09-Apr-2023 08:16:16 UTC] PHP Warning:  filemtime(): stat failed for C:\xampp\htdocs\bredewoldweb/web/app/themes/bredewoldweb/build/theme.css in C:\xampp\htdocs\bredewoldweb\web\app\themes\bredewoldweb\functions.php on line 9
[09-Apr-2023 08:17:03 UTC] PHP Warning:  filemtime(): stat failed for C:\xampp\htdocs\bredewoldweb/web/app/themes/bredewoldweb/build/theme.css in C:\xampp\htdocs\bredewoldweb\web\app\themes\bredewoldweb\functions.php on line 9
[09-Apr-2023 08:17:03 UTC] PHP Warning:  Trying to access array offset on value of type bool in C:\xampp\htdocs\bredewoldweb\web\app\themes\bredewoldweb\blocks\text\view.php on line 4
[09-Apr-2023 08:17:03 UTC] PHP Warning:  filemtime(): stat failed for C:\xampp\htdocs\bredewoldweb/web/app/themes/bredewoldweb/build/theme.css in C:\xampp\htdocs\bredewoldweb\web\app\themes\bredewoldweb\functions.php on line 9
[09-Apr-2023 08:17:35 UTC] PHP Warning:  Trying to access array offset on value of type bool in C:\xampp\htdocs\bredewoldweb\web\app\themes\bredewoldweb\blocks\text\view.php on line 4
[09-Apr-2023 08:17:35 UTC] PHP Warning:  Trying to access array offset on value of type bool in C:\xampp\htdocs\bredewoldweb\web\app\themes\bredewoldweb\blocks\text\view.php on line 4
[09-Apr-2023 08:18:00 UTC] PHP Warning:  Trying to access array offset on value of type bool in C:\xampp\htdocs\bredewoldweb\web\app\themes\bredewoldweb\blocks\text\view.php on line 4
[09-Apr-2023 08:18:01 UTC] PHP Warning:  Trying to access array offset on value of type bool in C:\xampp\htdocs\bredewoldweb\web\app\themes\bredewoldweb\blocks\text\view.php on line 4
[09-Apr-2023 08:19:01 UTC] PHP Warning:  Trying to access array offset on value of type bool in C:\xampp\htdocs\bredewoldweb\web\app\themes\bredewoldweb\blocks\text\view.php on line 4
[09-Apr-2023 08:19:11 UTC] PHP Warning:  Trying to access array offset on value of type bool in C:\xampp\htdocs\bredewoldweb\web\app\themes\bredewoldweb\blocks\text\view.php on line 4
[09-Apr-2023 08:19:12 UTC] PHP Warning:  Trying to access array offset on value of type bool in C:\xampp\htdocs\bredewoldweb\web\app\themes\bredewoldweb\blocks\text\view.php on line 4
[09-Apr-2023 08:19:24 UTC] PHP Warning:  Undefined array key "text" in C:\xampp\htdocs\bredewoldweb\web\app\themes\bredewoldweb\blocks\text\view.php on line 4
[09-Apr-2023 08:19:32 UTC] PHP Warning:  Undefined array key "text" in C:\xampp\htdocs\bredewoldweb\web\app\themes\bredewoldweb\blocks\text\view.php on line 4
[09-Apr-2023 08:19:33 UTC] PHP Warning:  Undefined array key "text" in C:\xampp\htdocs\bredewoldweb\web\app\themes\bredewoldweb\blocks\text\view.php on line 4
[09-Apr-2023 08:20:13 UTC] PHP Warning:  Undefined array key "text" in C:\xampp\htdocs\bredewoldweb\web\app\themes\bredewoldweb\blocks\text\view.php on line 4
[09-Apr-2023 08:21:24 UTC] PHP Warning:  Trying to access array offset on value of type bool in C:\xampp\htdocs\bredewoldweb\web\app\themes\bredewoldweb\blocks\text\view.php on line 4
[09-Apr-2023 08:21:24 UTC] PHP Warning:  Undefined array key "text" in C:\xampp\htdocs\bredewoldweb\web\app\themes\bredewoldweb\blocks\text\view.php on line 4
[09-Apr-2023 08:21:25 UTC] PHP Warning:  Trying to access array offset on value of type bool in C:\xampp\htdocs\bredewoldweb\web\app\themes\bredewoldweb\blocks\text\view.php on line 4
[09-Apr-2023 08:22:04 UTC] PHP Warning:  Undefined array key "text" in C:\xampp\htdocs\bredewoldweb\web\app\themes\bredewoldweb\blocks\text\view.php on line 4
[09-Apr-2023 08:22:36 UTC] PHP Warning:  Trying to access array offset on value of type bool in C:\xampp\htdocs\bredewoldweb\web\app\themes\bredewoldweb\blocks\text\view.php on line 4
[09-Apr-2023 08:23:08 UTC] PHP Warning:  Trying to access array offset on value of type bool in C:\xampp\htdocs\bredewoldweb\web\app\themes\bredewoldweb\blocks\text\view.php on line 4
[09-Apr-2023 08:23:19 UTC] PHP Warning:  filemtime(): stat failed for C:\xampp\htdocs\bredewoldweb/web/app/themes/bredewoldweb/build/theme.css in C:\xampp\htdocs\bredewoldweb\web\app\themes\bredewoldweb\functions.php on line 9
[09-Apr-2023 08:25:20 UTC] PHP Warning:  filemtime(): stat failed for C:\xampp\htdocs\bredewoldweb/web/app/themes/bredewoldweb/build/theme.css in C:\xampp\htdocs\bredewoldweb\web\app\themes\bredewoldweb\functions.php on line 9
[09-Apr-2023 08:25:20 UTC] PHP Warning:  filemtime(): stat failed for C:\xampp\htdocs\bredewoldweb/web/app/themes/bredewoldweb/build/theme.css in C:\xampp\htdocs\bredewoldweb\web\app\themes\bredewoldweb\functions.php on line 9
[09-Apr-2023 08:25:31 UTC] PHP Warning:  filemtime(): stat failed for C:\xampp\htdocs\bredewoldweb/web/app/themes/bredewoldweb/build/theme.css in C:\xampp\htdocs\bredewoldweb\web\app\themes\bredewoldweb\functions.php on line 9
[09-Apr-2023 08:26:04 UTC] PHP Warning:  filemtime(): stat failed for C:\xampp\htdocs\bredewoldweb/web/app/themes/bredewoldweb/build/theme.css in C:\xampp\htdocs\bredewoldweb\web\app\themes\bredewoldweb\functions.php on line 9
[09-Apr-2023 08:26:04 UTC] PHP Warning:  filemtime(): stat failed for C:\xampp\htdocs\bredewoldweb/web/app/themes/bredewoldweb/build/theme.css in C:\xampp\htdocs\bredewoldweb\web\app\themes\bredewoldweb\functions.php on line 9
[09-Apr-2023 08:26:49 UTC] PHP Warning:  filemtime(): stat failed for C:\xampp\htdocs\bredewoldweb/web/app/themes/bredewoldweb/build/theme.css in C:\xampp\htdocs\bredewoldweb\web\app\themes\bredewoldweb\functions.php on line 9
[09-Apr-2023 08:28:10 UTC] PHP Warning:  Trying to access array offset on value of type bool in C:\xampp\htdocs\bredewoldweb\web\app\themes\bredewoldweb\blocks\text\view.php on line 4
[09-Apr-2023 08:28:10 UTC] PHP Warning:  Trying to access array offset on value of type bool in C:\xampp\htdocs\bredewoldweb\web\app\themes\bredewoldweb\blocks\text\view.php on line 4
[09-Apr-2023 08:28:48 UTC] PHP Warning:  Trying to access array offset on value of type bool in C:\xampp\htdocs\bredewoldweb\web\app\themes\bredewoldweb\blocks\text\view.php on line 4
[09-Apr-2023 08:34:41 UTC] PHP Warning:  Trying to access array offset on value of type bool in C:\xampp\htdocs\bredewoldweb\web\app\themes\bredewoldweb\blocks\text\view.php on line 4
[09-Apr-2023 08:36:07 UTC] PHP Warning:  filemtime(): stat failed for C:\xampp\htdocs\bredewoldweb/web/app/themes/bredewoldweb/build/theme.css in C:\xampp\htdocs\bredewoldweb\web\app\themes\bredewoldweb\functions.php on line 9
[09-Apr-2023 08:36:07 UTC] PHP Warning:  filemtime(): stat failed for C:\xampp\htdocs\bredewoldweb/web/app/themes/bredewoldweb/build/theme.css in C:\xampp\htdocs\bredewoldweb\web\app\themes\bredewoldweb\functions.php on line 9
[09-Apr-2023 08:36:12 UTC] PHP Warning:  filemtime(): stat failed for C:\xampp\htdocs\bredewoldweb/web/app/themes/bredewoldweb/build/theme.css in C:\xampp\htdocs\bredewoldweb\web\app\themes\bredewoldweb\functions.php on line 9
[09-Apr-2023 08:37:18 UTC] PHP Warning:  filemtime(): stat failed for C:\xampp\htdocs\bredewoldweb/web/app/themes/bredewoldweb/build/theme.css in C:\xampp\htdocs\bredewoldweb\web\app\themes\bredewoldweb\functions.php on line 9
[09-Apr-2023 08:38:31 UTC] PHP Warning:  filemtime(): stat failed for C:\xampp\htdocs\bredewoldweb/web/app/themes/bredewoldweb/build/theme.css in C:\xampp\htdocs\bredewoldweb\web\app\themes\bredewoldweb\functions.php on line 9
[09-Apr-2023 08:40:09 UTC] PHP Warning:  filemtime(): stat failed for C:\xampp\htdocs\bredewoldweb/web/app/themes/bredewoldweb/build/theme.css in C:\xampp\htdocs\bredewoldweb\web\app\themes\bredewoldweb\functions.php on line 9
[09-Apr-2023 08:40:37 UTC] PHP Warning:  filemtime(): stat failed for C:\xampp\htdocs\bredewoldweb/web/app/themes/bredewoldweb/build/theme.css in C:\xampp\htdocs\bredewoldweb\web\app\themes\bredewoldweb\functions.php on line 9
[09-Apr-2023 08:40:37 UTC] PHP Warning:  filemtime(): stat failed for C:\xampp\htdocs\bredewoldweb/web/app/themes/bredewoldweb/build/theme.css in C:\xampp\htdocs\bredewoldweb\web\app\themes\bredewoldweb\functions.php on line 9
[09-Apr-2023 12:04:40 UTC] PHP Warning:  filemtime(): stat failed for C:\xampp\htdocs\bredewoldweb/web/app/themes/bredewoldweb/build/theme.css in C:\xampp\htdocs\bredewoldweb\web\app\themes\bredewoldweb\functions.php on line 9
[09-Apr-2023 12:04:40 UTC] PHP Warning:  filemtime(): stat failed for C:\xampp\htdocs\bredewoldweb/web/app/themes/bredewoldweb/build/theme.css in C:\xampp\htdocs\bredewoldweb\web\app\themes\bredewoldweb\functions.php on line 9
[09-Apr-2023 12:08:47 UTC] PHP Warning:  filemtime(): stat failed for C:\xampp\htdocs\bredewoldweb/web/app/themes/bredewoldweb/build/theme.css in C:\xampp\htdocs\bredewoldweb\web\app\themes\bredewoldweb\functions.php on line 9
[09-Apr-2023 12:08:48 UTC] PHP Warning:  filemtime(): stat failed for C:\xampp\htdocs\bredewoldweb/web/app/themes/bredewoldweb/build/theme.css in C:\xampp\htdocs\bredewoldweb\web\app\themes\bredewoldweb\functions.php on line 9
[09-Apr-2023 12:09:39 UTC] PHP Warning:  filemtime(): stat failed for C:\xampp\htdocs\bredewoldweb/web/app/themes/bredewoldweb/build/theme.css in C:\xampp\htdocs\bredewoldweb\web\app\themes\bredewoldweb\functions.php on line 9
[09-Apr-2023 12:09:40 UTC] PHP Warning:  filemtime(): stat failed for C:\xampp\htdocs\bredewoldweb/web/app/themes/bredewoldweb/build/theme.css in C:\xampp\htdocs\bredewoldweb\web\app\themes\bredewoldweb\functions.php on line 9
[09-Apr-2023 12:10:16 UTC] PHP Warning:  filemtime(): stat failed for C:\xampp\htdocs\bredewoldweb/web/app/themes/bredewoldweb/build/theme.css in C:\xampp\htdocs\bredewoldweb\web\app\themes\bredewoldweb\functions.php on line 9
[09-Apr-2023 12:10:16 UTC] PHP Warning:  filemtime(): stat failed for C:\xampp\htdocs\bredewoldweb/web/app/themes/bredewoldweb/build/theme.css in C:\xampp\htdocs\bredewoldweb\web\app\themes\bredewoldweb\functions.php on line 9
[09-Apr-2023 12:12:28 UTC] PHP Warning:  filemtime(): stat failed for C:\xampp\htdocs\bredewoldweb/web/app/themes/bredewoldweb/build/theme.css in C:\xampp\htdocs\bredewoldweb\web\app\themes\bredewoldweb\functions.php on line 9
[09-Apr-2023 12:12:29 UTC] PHP Warning:  filemtime(): stat failed for C:\xampp\htdocs\bredewoldweb/web/app/themes/bredewoldweb/build/theme.css in C:\xampp\htdocs\bredewoldweb\web\app\themes\bredewoldweb\functions.php on line 9
[09-Apr-2023 12:12:46 UTC] PHP Warning:  filemtime(): stat failed for C:\xampp\htdocs\bredewoldweb/web/app/themes/bredewoldweb/build/theme.css in C:\xampp\htdocs\bredewoldweb\web\app\themes\bredewoldweb\functions.php on line 9
[09-Apr-2023 12:13:19 UTC] PHP Warning:  filemtime(): stat failed for C:\xampp\htdocs\bredewoldweb/web/app/themes/bredewoldweb/build/theme.css in C:\xampp\htdocs\bredewoldweb\web\app\themes\bredewoldweb\functions.php on line 9
[09-Apr-2023 12:13:20 UTC] PHP Warning:  filemtime(): stat failed for C:\xampp\htdocs\bredewoldweb/web/app/themes/bredewoldweb/build/theme.css in C:\xampp\htdocs\bredewoldweb\web\app\themes\bredewoldweb\functions.php on line 9
[09-Apr-2023 12:19:50 UTC] PHP Warning:  require_once(C:\xampp\htdocs\bredewoldweb\web\app\themes\bredewoldweb\blocks/text/controller.php): Failed to open stream: No such file or directory in C:\xampp\htdocs\bredewoldweb\web\app\themes\bredewoldweb\blocks\block-manager.php on line 16
[09-Apr-2023 12:19:50 UTC] PHP Fatal error:  Uncaught Error: Failed opening required 'C:\xampp\htdocs\bredewoldweb\web\app\themes\bredewoldweb\blocks/text/controller.php' (include_path='C:\xampp\php\PEAR') in C:\xampp\htdocs\bredewoldweb\web\app\themes\bredewoldweb\blocks\block-manager.php:16
Stack trace:
#0 C:\xampp\htdocs\bredewoldweb\web\app\themes\bredewoldweb\functions.php(17): require_once()
#1 C:\xampp\htdocs\bredewoldweb\web\wp\wp-settings.php(591): include('C:\\xampp\\htdocs...')
#2 C:\xampp\htdocs\bredewoldweb\web\wp-config.php(9): require_once('C:\\xampp\\htdocs...')
#3 C:\xampp\htdocs\bredewoldweb\web\wp\wp-load.php(55): require_once('C:\\xampp\\htdocs...')
#4 C:\xampp\htdocs\bredewoldweb\web\wp\wp-admin\admin-ajax.php(22): require_once('C:\\xampp\\htdocs...')
#5 {main}
  thrown in C:\xampp\htdocs\bredewoldweb\web\app\themes\bredewoldweb\blocks\block-manager.php on line 16
[09-Apr-2023 12:21:51 UTC] PHP Warning:  require_once(C:\xampp\htdocs\bredewoldweb\web\app\themes\bredewoldweb\blocks/text/controller.php): Failed to open stream: No such file or directory in C:\xampp\htdocs\bredewoldweb\web\app\themes\bredewoldweb\blocks\block-manager.php on line 16
[09-Apr-2023 12:21:51 UTC] PHP Fatal error:  Uncaught Error: Failed opening required 'C:\xampp\htdocs\bredewoldweb\web\app\themes\bredewoldweb\blocks/text/controller.php' (include_path='C:\xampp\php\PEAR') in C:\xampp\htdocs\bredewoldweb\web\app\themes\bredewoldweb\blocks\block-manager.php:16
Stack trace:
#0 C:\xampp\htdocs\bredewoldweb\web\app\themes\bredewoldweb\functions.php(17): require_once()
#1 C:\xampp\htdocs\bredewoldweb\web\wp\wp-settings.php(591): include('C:\\xampp\\htdocs...')
#2 C:\xampp\htdocs\bredewoldweb\web\wp-config.php(9): require_once('C:\\xampp\\htdocs...')
#3 C:\xampp\htdocs\bredewoldweb\web\wp\wp-load.php(55): require_once('C:\\xampp\\htdocs...')
#4 C:\xampp\htdocs\bredewoldweb\web\wp\wp-admin\admin-ajax.php(22): require_once('C:\\xampp\\htdocs...')
#5 {main}
  thrown in C:\xampp\htdocs\bredewoldweb\web\app\themes\bredewoldweb\blocks\block-manager.php on line 16
[09-Apr-2023 12:24:09 UTC] PHP Warning:  filemtime(): stat failed for C:\xampp\htdocs\bredewoldweb/web/app/themes/bredewoldweb/build/theme.css in C:\xampp\htdocs\bredewoldweb\web\app\themes\bredewoldweb\functions.php on line 9
[09-Apr-2023 15:54:13 UTC] PHP Fatal error:  Uncaught Error: Call to undefined function is_plugin_active() in C:\xampp\htdocs\bredewoldweb\web\app\themes\bredewoldweb\compiler.php:4
Stack trace:
#0 C:\xampp\htdocs\bredewoldweb\web\app\themes\bredewoldweb\functions.php(20): require_once()
#1 C:\xampp\htdocs\bredewoldweb\web\wp\wp-settings.php(591): include('C:\\xampp\\htdocs...')
#2 C:\xampp\htdocs\bredewoldweb\web\wp-config.php(9): require_once('C:\\xampp\\htdocs...')
#3 C:\xampp\htdocs\bredewoldweb\web\wp\wp-load.php(55): require_once('C:\\xampp\\htdocs...')
#4 C:\xampp\htdocs\bredewoldweb\web\wp\wp-admin\admin-ajax.php(22): require_once('C:\\xampp\\htdocs...')
#5 {main}
  thrown in C:\xampp\htdocs\bredewoldweb\web\app\themes\bredewoldweb\compiler.php on line 4
[09-Apr-2023 15:54:15 UTC] PHP Fatal error:  Uncaught Error: Call to undefined function is_plugin_active() in C:\xampp\htdocs\bredewoldweb\web\app\themes\bredewoldweb\compiler.php:4
Stack trace:
#0 C:\xampp\htdocs\bredewoldweb\web\app\themes\bredewoldweb\functions.php(20): require_once()
#1 C:\xampp\htdocs\bredewoldweb\web\wp\wp-settings.php(591): include('C:\\xampp\\htdocs...')
#2 C:\xampp\htdocs\bredewoldweb\web\wp-config.php(9): require_once('C:\\xampp\\htdocs...')
#3 C:\xampp\htdocs\bredewoldweb\web\wp\wp-load.php(55): require_once('C:\\xampp\\htdocs...')
#4 C:\xampp\htdocs\bredewoldweb\web\wp\wp-admin\admin-ajax.php(22): require_once('C:\\xampp\\htdocs...')
#5 {main}
  thrown in C:\xampp\htdocs\bredewoldweb\web\app\themes\bredewoldweb\compiler.php on line 4
[09-Apr-2023 15:54:17 UTC] PHP Fatal error:  Uncaught Error: Call to undefined function is_plugin_active() in C:\xampp\htdocs\bredewoldweb\web\app\themes\bredewoldweb\compiler.php:4
Stack trace:
#0 C:\xampp\htdocs\bredewoldweb\web\app\themes\bredewoldweb\functions.php(20): require_once()
#1 C:\xampp\htdocs\bredewoldweb\web\wp\wp-settings.php(591): include('C:\\xampp\\htdocs...')
#2 C:\xampp\htdocs\bredewoldweb\web\wp-config.php(9): require_once('C:\\xampp\\htdocs...')
#3 C:\xampp\htdocs\bredewoldweb\web\wp\wp-load.php(55): require_once('C:\\xampp\\htdocs...')
#4 C:\xampp\htdocs\bredewoldweb\web\wp\wp-admin\admin.php(34): require_once('C:\\xampp\\htdocs...')
#5 C:\xampp\htdocs\bredewoldweb\web\wp\wp-admin\edit.php(10): require_once('C:\\xampp\\htdocs...')
#6 {main}
  thrown in C:\xampp\htdocs\bredewoldweb\web\app\themes\bredewoldweb\compiler.php on line 4
[09-Apr-2023 15:55:24 UTC] PHP Fatal error:  Uncaught Error: Call to undefined function is_plugin_active() in C:\xampp\htdocs\bredewoldweb\web\app\themes\bredewoldweb\compiler.php:4
Stack trace:
#0 C:\xampp\htdocs\bredewoldweb\web\app\themes\bredewoldweb\functions.php(20): require_once()
#1 C:\xampp\htdocs\bredewoldweb\web\wp\wp-settings.php(591): include('C:\\xampp\\htdocs...')
#2 C:\xampp\htdocs\bredewoldweb\web\wp-config.php(9): require_once('C:\\xampp\\htdocs...')
#3 C:\xampp\htdocs\bredewoldweb\web\wp\wp-load.php(55): require_once('C:\\xampp\\htdocs...')
#4 C:\xampp\htdocs\bredewoldweb\web\wp\wp-admin\admin.php(34): require_once('C:\\xampp\\htdocs...')
#5 C:\xampp\htdocs\bredewoldweb\web\wp\wp-admin\edit.php(10): require_once('C:\\xampp\\htdocs...')
#6 {main}
  thrown in C:\xampp\htdocs\bredewoldweb\web\app\themes\bredewoldweb\compiler.php on line 4
[09-Apr-2023 15:56:37 UTC] PHP Warning:  filemtime(): stat failed for C:\xampp\htdocs\bredewoldweb/web/app/themes/bredewoldweb/build/theme.css in C:\xampp\htdocs\bredewoldweb\web\app\themes\bredewoldweb\functions.php on line 9
[09-Apr-2023 15:56:47 UTC] PHP Warning:  filemtime(): stat failed for C:\xampp\htdocs\bredewoldweb/web/app/themes/bredewoldweb/build/theme.css in C:\xampp\htdocs\bredewoldweb\web\app\themes\bredewoldweb\functions.php on line 9
[09-Apr-2023 15:56:54 UTC] PHP Warning:  filemtime(): stat failed for C:\xampp\htdocs\bredewoldweb/web/app/themes/bredewoldweb/build/theme.css in C:\xampp\htdocs\bredewoldweb\web\app\themes\bredewoldweb\functions.php on line 9
[09-Apr-2023 15:56:54 UTC] PHP Warning:  filemtime(): stat failed for C:\xampp\htdocs\bredewoldweb/web/app/themes/bredewoldweb/build/theme.css in C:\xampp\htdocs\bredewoldweb\web\app\themes\bredewoldweb\functions.php on line 9
[09-Apr-2023 15:57:35 UTC] PHP Warning:  include(C:\xampp\htdocs\bredewoldweb\web\app\plugins\dev-tools/RockbergHotReload.php): Failed to open stream: No such file or directory in C:\xampp\htdocs\bredewoldweb\web\app\plugins\dev-tools\dev-tools.php on line 20
[09-Apr-2023 15:57:35 UTC] PHP Warning:  include(): Failed opening 'C:\xampp\htdocs\bredewoldweb\web\app\plugins\dev-tools/RockbergHotReload.php' for inclusion (include_path='C:\xampp\php\PEAR') in C:\xampp\htdocs\bredewoldweb\web\app\plugins\dev-tools\dev-tools.php on line 20
[09-Apr-2023 15:57:35 UTC] PHP Warning:  include(C:\xampp\htdocs\bredewoldweb\web\app\plugins\dev-tools/RockbergHotReload.php): Failed to open stream: No such file or directory in C:\xampp\htdocs\bredewoldweb\web\app\plugins\dev-tools\dev-tools.php on line 20
[09-Apr-2023 15:57:35 UTC] PHP Warning:  include(): Failed opening 'C:\xampp\htdocs\bredewoldweb\web\app\plugins\dev-tools/RockbergHotReload.php' for inclusion (include_path='C:\xampp\php\PEAR') in C:\xampp\htdocs\bredewoldweb\web\app\plugins\dev-tools\dev-tools.php on line 20
[09-Apr-2023 15:58:36 UTC] PHP Warning:  include(C:\xampp\htdocs\bredewoldweb\web\app\plugins\dev-tools/RockbergHotReload.php): Failed to open stream: No such file or directory in C:\xampp\htdocs\bredewoldweb\web\app\plugins\dev-tools\dev-tools.php on line 20
[09-Apr-2023 15:58:36 UTC] PHP Warning:  include(): Failed opening 'C:\xampp\htdocs\bredewoldweb\web\app\plugins\dev-tools/RockbergHotReload.php' for inclusion (include_path='C:\xampp\php\PEAR') in C:\xampp\htdocs\bredewoldweb\web\app\plugins\dev-tools\dev-tools.php on line 20
[09-Apr-2023 16:06:39 UTC] PHP Warning:  file_put_contents(C:\xampp\htdocs\bredewoldweb/web/app/themes/bredewoldweb/build/js/theme-dev.js): Failed to open stream: No such file or directory in C:\xampp\htdocs\bredewoldweb\web\app\plugins\dev-tools\classes\JsCompiler.php on line 50
[09-Apr-2023 16:06:39 UTC] PHP Warning:  file_put_contents(C:\xampp\htdocs\bredewoldweb/web/app/themes/bredewoldweb/build/js/theme.js): Failed to open stream: No such file or directory in C:\xampp\htdocs\bredewoldweb\web\app\plugins\dev-tools\classes\JsCompiler.php on line 54
[09-Apr-2023 16:08:13 UTC] PHP Warning:  filemtime(): stat failed for C:\xampp\htdocs\bredewoldweb/web/app/themes/bredewoldweb/build/js/theme.js in C:\xampp\htdocs\bredewoldweb\web\app\themes\bredewoldweb\functions.php on line 13
[09-Apr-2023 16:08:14 UTC] PHP Warning:  filemtime(): stat failed for C:\xampp\htdocs\bredewoldweb/web/app/themes/bredewoldweb/build/js/theme.js in C:\xampp\htdocs\bredewoldweb\web\app\themes\bredewoldweb\functions.php on line 13
[09-Apr-2023 16:08:36 UTC] PHP Warning:  filemtime(): stat failed for C:\xampp\htdocs\bredewoldweb/web/app/themes/bredewoldweb/build/js/theme.js in C:\xampp\htdocs\bredewoldweb\web\app\themes\bredewoldweb\functions.php on line 13
[09-Apr-2023 16:08:37 UTC] PHP Warning:  filemtime(): stat failed for C:\xampp\htdocs\bredewoldweb/web/app/themes/bredewoldweb/build/js/theme.js in C:\xampp\htdocs\bredewoldweb\web\app\themes\bredewoldweb\functions.php on line 13
[09-Apr-2023 16:08:46 UTC] PHP Warning:  filemtime(): stat failed for C:\xampp\htdocs\bredewoldweb/web/app/themes/bredewoldweb/build/js/theme.js in C:\xampp\htdocs\bredewoldweb\web\app\themes\bredewoldweb\functions.php on line 13
[09-Apr-2023 16:08:46 UTC] PHP Warning:  filemtime(): stat failed for C:\xampp\htdocs\bredewoldweb/web/app/themes/bredewoldweb/build/js/theme.js in C:\xampp\htdocs\bredewoldweb\web\app\themes\bredewoldweb\functions.php on line 13
[09-Apr-2023 16:09:58 UTC] PHP Warning:  filemtime(): stat failed for C:\xampp\htdocs\bredewoldweb/web/app/themes/bredewoldweb/build/js/theme.js in C:\xampp\htdocs\bredewoldweb\web\app\themes\bredewoldweb\functions.php on line 13
[09-Apr-2023 16:09:59 UTC] PHP Warning:  filemtime(): stat failed for C:\xampp\htdocs\bredewoldweb/web/app/themes/bredewoldweb/build/js/theme.js in C:\xampp\htdocs\bredewoldweb\web\app\themes\bredewoldweb\functions.php on line 13
[09-Apr-2023 16:10:16 UTC] PHP Warning:  filemtime(): stat failed for C:\xampp\htdocs\bredewoldweb/web/app/themes/bredewoldweb/build/js/theme.js in C:\xampp\htdocs\bredewoldweb\web\app\themes\bredewoldweb\functions.php on line 13
[09-Apr-2023 16:10:16 UTC] PHP Warning:  filemtime(): stat failed for C:\xampp\htdocs\bredewoldweb/web/app/themes/bredewoldweb/build/js/theme.js in C:\xampp\htdocs\bredewoldweb\web\app\themes\bredewoldweb\functions.php on line 13
[09-Apr-2023 16:10:25 UTC] PHP Warning:  filemtime(): stat failed for C:\xampp\htdocs\bredewoldweb/web/app/themes/bredewoldweb/build/js/theme.js in C:\xampp\htdocs\bredewoldweb\web\app\themes\bredewoldweb\functions.php on line 13
[09-Apr-2023 16:10:25 UTC] PHP Warning:  filemtime(): stat failed for C:\xampp\htdocs\bredewoldweb/web/app/themes/bredewoldweb/build/js/theme.js in C:\xampp\htdocs\bredewoldweb\web\app\themes\bredewoldweb\functions.php on line 13
[09-Apr-2023 16:10:39 UTC] PHP Warning:  filemtime(): stat failed for C:\xampp\htdocs\bredewoldweb/web/app/themes/bredewoldweb/build/js/theme.js in C:\xampp\htdocs\bredewoldweb\web\app\themes\bredewoldweb\functions.php on line 13
[09-Apr-2023 16:10:57 UTC] PHP Warning:  filemtime(): stat failed for C:\xampp\htdocs\bredewoldweb/web/app/themes/bredewoldweb/build/js/theme.js in C:\xampp\htdocs\bredewoldweb\web\app\themes\bredewoldweb\functions.php on line 13
